Start testing: Jul 17 15:25 CEST
----------------------------------------------------------
1/2 Testing: cas_tests
1/2 Test: cas_tests
Command: "/Users/carlo/Progetti/github/PodCache/build/tests/test_cas"
Directory: /Users/carlo/Progetti/github/PodCache/build/tests
"cas_tests" start time: Jul 17 15:25 CEST
Output:
----------------------------------------------------------
<end of output>
Test time =   0.15 sec
----------------------------------------------------------
Test Failed.
"cas_tests" end time: Jul 17 15:25 CEST
"cas_tests" time elapsed: 00:00:00
----------------------------------------------------------

2/2 Testing: hash_table_tests
2/2 Test: hash_table_tests
Command: "/Users/carlo/Progetti/github/PodCache/build/tests/test_hash_table"
Directory: /Users/carlo/Progetti/github/PodCache/build/tests
"hash_table_tests" start time: Jul 17 15:25 CEST
Output:
----------------------------------------------------------
<end of output>
Test time =   0.14 sec
----------------------------------------------------------
Test Failed.
"hash_table_tests" end time: Jul 17 15:25 CEST
"hash_table_tests" time elapsed: 00:00:00
----------------------------------------------------------

End testing: Jul 17 15:25 CEST
